15:14:47 INFO  : Registering command handlers for SDK TCF services
15:14:48 INFO  : Launching XSCT server: xsct.bat -interactive C:\Users\kenzm\FPGA\Lab_003\Lab_003.sdk\temp_xsdb_launch_script.tcl
15:14:50 INFO  : XSCT server has started successfully.
15:14:50 INFO  : Successfully done setting XSCT server connection channel  
15:14:51 INFO  : Successfully done setting SDK workspace  
15:14:51 INFO  : Processing command line option -hwspec C:/Users/kenzm/FPGA/Lab_003/Lab_003.sdk/design_1_wrapper.hdf.
15:32:03 INFO  : Connected to target on host '127.0.0.1' and port '3121'.
15:32:03 INFO  : Jtag cable 'Xilinx PYNQ-Z1 003017AEE2D2A' is selected.
15:32:03 INFO  : 'jtag frequency' command is executed.
15:32:03 INFO  : Sourcing of 'C:/Users/kenzm/FPGA/Lab_003/Lab_003.sdk/design_1_wrapper_hw_platform_0/ps7_init.tcl' is done.
15:32:04 INFO  : 'targets -set -filter {jtag_cable_name =~ "Xilinx PYNQ-Z1 003017AEE2D2A" && level==0} -index 1' command is executed.
15:32:06 INFO  : FPGA configured successfully with bitstream "C:/Users/kenzm/FPGA/Lab_003/Lab_003.sdk/design_1_wrapper_hw_platform_0/design_1_wrapper.bit"
15:32:06 INFO  : Context for 'APU' is selected.
15:32:06 INFO  : Hardware design information is loaded from 'C:/Users/kenzm/FPGA/Lab_003/Lab_003.sdk/design_1_wrapper_hw_platform_0/system.hdf'.
15:32:06 INFO  : 'configparams force-mem-access 1' command is executed.
15:32:06 INFO  : Context for 'APU' is selected.
15:32:06 INFO  : 'stop' command is executed.
15:32:06 INFO  : 'ps7_init' command is executed.
15:32:06 INFO  : 'ps7_post_config' command is executed.
15:32:06 INFO  : Context for processor 'ps7_cortexa9_0' is selected.
15:32:06 INFO  : Processor reset is completed for 'ps7_cortexa9_0'.
15:32:06 INFO  : Context for processor 'ps7_cortexa9_0' is selected.
15:32:07 INFO  : The application 'C:/Users/kenzm/FPGA/Lab_003/Lab_003.sdk/mult/Debug/mult.elf' is downloaded to processor 'ps7_cortexa9_0'.
15:32:07 INFO  : 'configparams force-mem-access 0' command is executed.
15:32:07 INFO  : ----------------XSDB Script----------------
connect -url tcp:127.0.0.1:3121
source C:/Users/kenzm/FPGA/Lab_003/Lab_003.sdk/design_1_wrapper_hw_platform_0/ps7_init.tcl
targets -set -filter {jtag_cable_name =~ "Xilinx PYNQ-Z1 003017AEE2D2A" && level==0} -index 1
fpga -file C:/Users/kenzm/FPGA/Lab_003/Lab_003.sdk/design_1_wrapper_hw_platform_0/design_1_wrapper.bit
targets -set -nocase -filter {name =~"APU*" && jtag_cable_name =~ "Xilinx PYNQ-Z1 003017AEE2D2A"} -index 0
loadhw -hw C:/Users/kenzm/FPGA/Lab_003/Lab_003.sdk/design_1_wrapper_hw_platform_0/system.hdf -mem-ranges [list {0x40000000 0xbfffffff}]
configparams force-mem-access 1
targets -set -nocase -filter {name =~"APU*" && jtag_cable_name =~ "Xilinx PYNQ-Z1 003017AEE2D2A"} -index 0
stop
ps7_init
ps7_post_config
targets -set -nocase -filter {name =~ "ARM*#0" && jtag_cable_name =~ "Xilinx PYNQ-Z1 003017AEE2D2A"} -index 0
rst -processor
targets -set -nocase -filter {name =~ "ARM*#0" && jtag_cable_name =~ "Xilinx PYNQ-Z1 003017AEE2D2A"} -index 0
dow C:/Users/kenzm/FPGA/Lab_003/Lab_003.sdk/mult/Debug/mult.elf
configparams force-mem-access 0
----------------End of Script----------------

15:32:07 INFO  : Memory regions updated for context APU
15:32:07 INFO  : Context for processor 'ps7_cortexa9_0' is selected.
15:32:07 INFO  : 'con' command is executed.
15:32:07 INFO  : ----------------XSDB Script (After Launch)----------------
targets -set -nocase -filter {name =~ "ARM*#0" && jtag_cable_name =~ "Xilinx PYNQ-Z1 003017AEE2D2A"} -index 0
con
----------------End of Script----------------

15:32:07 INFO  : Launch script is exported to file 'C:\Users\kenzm\FPGA\Lab_003\Lab_003.sdk\.sdk\launch_scripts\xilinx_c-c++_application_(system_debugger)\system_debugger_using_debug_mult.elf_on_local.tcl'
15:51:21 INFO  : Disconnected from the channel tcfchan#1.
15:51:22 INFO  : Connected to target on host '127.0.0.1' and port '3121'.
15:51:22 INFO  : Jtag cable 'Xilinx PYNQ-Z1 003017AEE2D2A' is selected.
15:51:22 INFO  : 'jtag frequency' command is executed.
15:51:22 INFO  : Sourcing of 'C:/Users/kenzm/FPGA/Lab_003/Lab_003.sdk/design_1_wrapper_hw_platform_0/ps7_init.tcl' is done.
15:51:22 INFO  : 'targets -set -filter {jtag_cable_name =~ "Xilinx PYNQ-Z1 003017AEE2D2A" && level==0} -index 1' command is executed.
15:51:24 INFO  : FPGA configured successfully with bitstream "C:/Users/kenzm/FPGA/Lab_003/Lab_003.sdk/design_1_wrapper_hw_platform_0/design_1_wrapper.bit"
15:51:24 INFO  : Context for 'APU' is selected.
15:51:26 INFO  : Hardware design information is loaded from 'C:/Users/kenzm/FPGA/Lab_003/Lab_003.sdk/design_1_wrapper_hw_platform_0/system.hdf'.
15:51:26 INFO  : 'configparams force-mem-access 1' command is executed.
15:51:26 INFO  : Context for 'APU' is selected.
15:51:26 INFO  : 'stop' command is executed.
15:51:26 INFO  : 'ps7_init' command is executed.
15:51:26 INFO  : 'ps7_post_config' command is executed.
15:51:26 INFO  : Context for processor 'ps7_cortexa9_0' is selected.
15:51:26 INFO  : Processor reset is completed for 'ps7_cortexa9_0'.
15:51:26 INFO  : Context for processor 'ps7_cortexa9_0' is selected.
15:51:27 INFO  : The application 'C:/Users/kenzm/FPGA/Lab_003/Lab_003.sdk/mult/Debug/mult.elf' is downloaded to processor 'ps7_cortexa9_0'.
15:51:27 INFO  : 'configparams force-mem-access 0' command is executed.
15:51:27 INFO  : ----------------XSDB Script----------------
connect -url tcp:127.0.0.1:3121
source C:/Users/kenzm/FPGA/Lab_003/Lab_003.sdk/design_1_wrapper_hw_platform_0/ps7_init.tcl
targets -set -filter {jtag_cable_name =~ "Xilinx PYNQ-Z1 003017AEE2D2A" && level==0} -index 1
fpga -file C:/Users/kenzm/FPGA/Lab_003/Lab_003.sdk/design_1_wrapper_hw_platform_0/design_1_wrapper.bit
targets -set -nocase -filter {name =~"APU*" && jtag_cable_name =~ "Xilinx PYNQ-Z1 003017AEE2D2A"} -index 0
loadhw -hw C:/Users/kenzm/FPGA/Lab_003/Lab_003.sdk/design_1_wrapper_hw_platform_0/system.hdf -mem-ranges [list {0x40000000 0xbfffffff}]
configparams force-mem-access 1
targets -set -nocase -filter {name =~"APU*" && jtag_cable_name =~ "Xilinx PYNQ-Z1 003017AEE2D2A"} -index 0
stop
ps7_init
ps7_post_config
targets -set -nocase -filter {name =~ "ARM*#0" && jtag_cable_name =~ "Xilinx PYNQ-Z1 003017AEE2D2A"} -index 0
rst -processor
targets -set -nocase -filter {name =~ "ARM*#0" && jtag_cable_name =~ "Xilinx PYNQ-Z1 003017AEE2D2A"} -index 0
dow C:/Users/kenzm/FPGA/Lab_003/Lab_003.sdk/mult/Debug/mult.elf
configparams force-mem-access 0
----------------End of Script----------------

15:51:27 INFO  : Memory regions updated for context APU
15:51:27 INFO  : Context for processor 'ps7_cortexa9_0' is selected.
15:51:27 INFO  : 'con' command is executed.
15:51:27 INFO  : ----------------XSDB Script (After Launch)----------------
targets -set -nocase -filter {name =~ "ARM*#0" && jtag_cable_name =~ "Xilinx PYNQ-Z1 003017AEE2D2A"} -index 0
con
----------------End of Script----------------

15:51:27 INFO  : Launch script is exported to file 'C:\Users\kenzm\FPGA\Lab_003\Lab_003.sdk\.sdk\launch_scripts\xilinx_c-c++_application_(system_debugger)\system_debugger_using_debug_mult.elf_on_local.tcl'
15:52:00 INFO  : Disconnected from the channel tcfchan#2.
15:52:01 INFO  : Connected to target on host '127.0.0.1' and port '3121'.
15:52:01 INFO  : Jtag cable 'Xilinx PYNQ-Z1 003017AEE2D2A' is selected.
15:52:01 INFO  : 'jtag frequency' command is executed.
15:52:01 INFO  : Sourcing of 'C:/Users/kenzm/FPGA/Lab_003/Lab_003.sdk/design_1_wrapper_hw_platform_0/ps7_init.tcl' is done.
15:52:01 INFO  : 'targets -set -filter {jtag_cable_name =~ "Xilinx PYNQ-Z1 003017AEE2D2A" && level==0} -index 1' command is executed.
15:52:03 INFO  : FPGA configured successfully with bitstream "C:/Users/kenzm/FPGA/Lab_003/Lab_003.sdk/design_1_wrapper_hw_platform_0/design_1_wrapper.bit"
15:52:03 INFO  : Context for 'APU' is selected.
15:52:04 INFO  : Hardware design information is loaded from 'C:/Users/kenzm/FPGA/Lab_003/Lab_003.sdk/design_1_wrapper_hw_platform_0/system.hdf'.
15:52:04 INFO  : 'configparams force-mem-access 1' command is executed.
15:52:04 INFO  : Context for 'APU' is selected.
15:52:04 INFO  : 'stop' command is executed.
15:52:05 INFO  : 'ps7_init' command is executed.
15:52:05 INFO  : 'ps7_post_config' command is executed.
15:52:05 INFO  : Context for processor 'ps7_cortexa9_0' is selected.
15:52:05 INFO  : Processor reset is completed for 'ps7_cortexa9_0'.
15:52:05 INFO  : Context for processor 'ps7_cortexa9_0' is selected.
15:52:05 INFO  : The application 'C:/Users/kenzm/FPGA/Lab_003/Lab_003.sdk/mult/Debug/mult.elf' is downloaded to processor 'ps7_cortexa9_0'.
15:52:05 INFO  : 'configparams force-mem-access 0' command is executed.
15:52:05 INFO  : ----------------XSDB Script----------------
connect -url tcp:127.0.0.1:3121
source C:/Users/kenzm/FPGA/Lab_003/Lab_003.sdk/design_1_wrapper_hw_platform_0/ps7_init.tcl
targets -set -filter {jtag_cable_name =~ "Xilinx PYNQ-Z1 003017AEE2D2A" && level==0} -index 1
fpga -file C:/Users/kenzm/FPGA/Lab_003/Lab_003.sdk/design_1_wrapper_hw_platform_0/design_1_wrapper.bit
targets -set -nocase -filter {name =~"APU*" && jtag_cable_name =~ "Xilinx PYNQ-Z1 003017AEE2D2A"} -index 0
loadhw -hw C:/Users/kenzm/FPGA/Lab_003/Lab_003.sdk/design_1_wrapper_hw_platform_0/system.hdf -mem-ranges [list {0x40000000 0xbfffffff}]
configparams force-mem-access 1
targets -set -nocase -filter {name =~"APU*" && jtag_cable_name =~ "Xilinx PYNQ-Z1 003017AEE2D2A"} -index 0
stop
ps7_init
ps7_post_config
targets -set -nocase -filter {name =~ "ARM*#0" && jtag_cable_name =~ "Xilinx PYNQ-Z1 003017AEE2D2A"} -index 0
rst -processor
targets -set -nocase -filter {name =~ "ARM*#0" && jtag_cable_name =~ "Xilinx PYNQ-Z1 003017AEE2D2A"} -index 0
dow C:/Users/kenzm/FPGA/Lab_003/Lab_003.sdk/mult/Debug/mult.elf
configparams force-mem-access 0
----------------End of Script----------------

15:52:05 INFO  : Memory regions updated for context APU
15:52:05 INFO  : Context for processor 'ps7_cortexa9_0' is selected.
15:52:05 INFO  : 'con' command is executed.
15:52:05 INFO  : ----------------XSDB Script (After Launch)----------------
targets -set -nocase -filter {name =~ "ARM*#0" && jtag_cable_name =~ "Xilinx PYNQ-Z1 003017AEE2D2A"} -index 0
con
----------------End of Script----------------

15:52:05 INFO  : Launch script is exported to file 'C:\Users\kenzm\FPGA\Lab_003\Lab_003.sdk\.sdk\launch_scripts\xilinx_c-c++_application_(system_debugger)\system_debugger_using_debug_mult.elf_on_local.tcl'
16:03:24 INFO  : Disconnected from the channel tcfchan#3.
16:03:25 INFO  : Connected to target on host '127.0.0.1' and port '3121'.
16:03:25 INFO  : Jtag cable 'Xilinx PYNQ-Z1 003017AEE2D2A' is selected.
16:03:25 INFO  : 'jtag frequency' command is executed.
16:03:25 INFO  : Sourcing of 'C:/Users/kenzm/FPGA/Lab_003/Lab_003.sdk/design_1_wrapper_hw_platform_0/ps7_init.tcl' is done.
16:03:25 INFO  : 'targets -set -filter {jtag_cable_name =~ "Xilinx PYNQ-Z1 003017AEE2D2A" && level==0} -index 1' command is executed.
16:03:27 INFO  : FPGA configured successfully with bitstream "C:/Users/kenzm/FPGA/Lab_003/Lab_003.sdk/design_1_wrapper_hw_platform_0/design_1_wrapper.bit"
16:03:27 INFO  : Context for 'APU' is selected.
16:03:29 INFO  : Hardware design information is loaded from 'C:/Users/kenzm/FPGA/Lab_003/Lab_003.sdk/design_1_wrapper_hw_platform_0/system.hdf'.
16:03:29 INFO  : 'configparams force-mem-access 1' command is executed.
16:03:29 INFO  : Context for 'APU' is selected.
16:03:29 INFO  : 'stop' command is executed.
16:03:29 INFO  : 'ps7_init' command is executed.
16:03:29 INFO  : 'ps7_post_config' command is executed.
16:03:29 INFO  : Context for processor 'ps7_cortexa9_0' is selected.
16:03:29 INFO  : Processor reset is completed for 'ps7_cortexa9_0'.
16:03:29 INFO  : Context for processor 'ps7_cortexa9_0' is selected.
16:03:29 INFO  : The application 'C:/Users/kenzm/FPGA/Lab_003/Lab_003.sdk/mult/Debug/mult.elf' is downloaded to processor 'ps7_cortexa9_0'.
16:03:29 INFO  : 'configparams force-mem-access 0' command is executed.
16:03:29 INFO  : ----------------XSDB Script----------------
connect -url tcp:127.0.0.1:3121
source C:/Users/kenzm/FPGA/Lab_003/Lab_003.sdk/design_1_wrapper_hw_platform_0/ps7_init.tcl
targets -set -filter {jtag_cable_name =~ "Xilinx PYNQ-Z1 003017AEE2D2A" && level==0} -index 1
fpga -file C:/Users/kenzm/FPGA/Lab_003/Lab_003.sdk/design_1_wrapper_hw_platform_0/design_1_wrapper.bit
targets -set -nocase -filter {name =~"APU*" && jtag_cable_name =~ "Xilinx PYNQ-Z1 003017AEE2D2A"} -index 0
loadhw -hw C:/Users/kenzm/FPGA/Lab_003/Lab_003.sdk/design_1_wrapper_hw_platform_0/system.hdf -mem-ranges [list {0x40000000 0xbfffffff}]
configparams force-mem-access 1
targets -set -nocase -filter {name =~"APU*" && jtag_cable_name =~ "Xilinx PYNQ-Z1 003017AEE2D2A"} -index 0
stop
ps7_init
ps7_post_config
targets -set -nocase -filter {name =~ "ARM*#0" && jtag_cable_name =~ "Xilinx PYNQ-Z1 003017AEE2D2A"} -index 0
rst -processor
targets -set -nocase -filter {name =~ "ARM*#0" && jtag_cable_name =~ "Xilinx PYNQ-Z1 003017AEE2D2A"} -index 0
dow C:/Users/kenzm/FPGA/Lab_003/Lab_003.sdk/mult/Debug/mult.elf
configparams force-mem-access 0
----------------End of Script----------------

16:03:29 INFO  : Memory regions updated for context APU
16:03:29 INFO  : Context for processor 'ps7_cortexa9_0' is selected.
16:03:29 INFO  : 'con' command is executed.
16:03:29 INFO  : ----------------XSDB Script (After Launch)----------------
targets -set -nocase -filter {name =~ "ARM*#0" && jtag_cable_name =~ "Xilinx PYNQ-Z1 003017AEE2D2A"} -index 0
con
----------------End of Script----------------

16:03:29 INFO  : Launch script is exported to file 'C:\Users\kenzm\FPGA\Lab_003\Lab_003.sdk\.sdk\launch_scripts\xilinx_c-c++_application_(system_debugger)\system_debugger_using_debug_mult.elf_on_local.tcl'
16:08:08 INFO  : Disconnected from the channel tcfchan#4.
16:08:09 INFO  : Connected to target on host '127.0.0.1' and port '3121'.
16:08:09 INFO  : Jtag cable 'Xilinx PYNQ-Z1 003017AEE2D2A' is selected.
16:08:09 INFO  : 'jtag frequency' command is executed.
16:08:09 INFO  : Sourcing of 'C:/Users/kenzm/FPGA/Lab_003/Lab_003.sdk/design_1_wrapper_hw_platform_0/ps7_init.tcl' is done.
16:08:09 INFO  : 'targets -set -filter {jtag_cable_name =~ "Xilinx PYNQ-Z1 003017AEE2D2A" && level==0} -index 1' command is executed.
16:08:12 INFO  : FPGA configured successfully with bitstream "C:/Users/kenzm/FPGA/Lab_003/Lab_003.sdk/design_1_wrapper_hw_platform_0/design_1_wrapper.bit"
16:08:12 INFO  : Context for 'APU' is selected.
16:08:13 INFO  : Hardware design information is loaded from 'C:/Users/kenzm/FPGA/Lab_003/Lab_003.sdk/design_1_wrapper_hw_platform_0/system.hdf'.
16:08:13 INFO  : 'configparams force-mem-access 1' command is executed.
16:08:13 INFO  : Context for 'APU' is selected.
16:08:13 INFO  : 'stop' command is executed.
16:08:13 INFO  : 'ps7_init' command is executed.
16:08:13 INFO  : 'ps7_post_config' command is executed.
16:08:13 INFO  : Context for processor 'ps7_cortexa9_0' is selected.
16:08:13 INFO  : Processor reset is completed for 'ps7_cortexa9_0'.
16:08:13 INFO  : Context for processor 'ps7_cortexa9_0' is selected.
16:08:14 INFO  : The application 'C:/Users/kenzm/FPGA/Lab_003/Lab_003.sdk/mult/Debug/mult.elf' is downloaded to processor 'ps7_cortexa9_0'.
16:08:14 INFO  : 'configparams force-mem-access 0' command is executed.
16:08:14 INFO  : ----------------XSDB Script----------------
connect -url tcp:127.0.0.1:3121
source C:/Users/kenzm/FPGA/Lab_003/Lab_003.sdk/design_1_wrapper_hw_platform_0/ps7_init.tcl
targets -set -filter {jtag_cable_name =~ "Xilinx PYNQ-Z1 003017AEE2D2A" && level==0} -index 1
fpga -file C:/Users/kenzm/FPGA/Lab_003/Lab_003.sdk/design_1_wrapper_hw_platform_0/design_1_wrapper.bit
targets -set -nocase -filter {name =~"APU*" && jtag_cable_name =~ "Xilinx PYNQ-Z1 003017AEE2D2A"} -index 0
loadhw -hw C:/Users/kenzm/FPGA/Lab_003/Lab_003.sdk/design_1_wrapper_hw_platform_0/system.hdf -mem-ranges [list {0x40000000 0xbfffffff}]
configparams force-mem-access 1
targets -set -nocase -filter {name =~"APU*" && jtag_cable_name =~ "Xilinx PYNQ-Z1 003017AEE2D2A"} -index 0
stop
ps7_init
ps7_post_config
targets -set -nocase -filter {name =~ "ARM*#0" && jtag_cable_name =~ "Xilinx PYNQ-Z1 003017AEE2D2A"} -index 0
rst -processor
targets -set -nocase -filter {name =~ "ARM*#0" && jtag_cable_name =~ "Xilinx PYNQ-Z1 003017AEE2D2A"} -index 0
dow C:/Users/kenzm/FPGA/Lab_003/Lab_003.sdk/mult/Debug/mult.elf
configparams force-mem-access 0
----------------End of Script----------------

16:08:14 INFO  : Memory regions updated for context APU
16:08:14 INFO  : Context for processor 'ps7_cortexa9_0' is selected.
16:08:14 INFO  : 'con' command is executed.
16:08:14 INFO  : ----------------XSDB Script (After Launch)----------------
targets -set -nocase -filter {name =~ "ARM*#0" && jtag_cable_name =~ "Xilinx PYNQ-Z1 003017AEE2D2A"} -index 0
con
----------------End of Script----------------

16:08:14 INFO  : Launch script is exported to file 'C:\Users\kenzm\FPGA\Lab_003\Lab_003.sdk\.sdk\launch_scripts\xilinx_c-c++_application_(system_debugger)\system_debugger_using_debug_mult.elf_on_local.tcl'
10:39:22 INFO  : Disconnected from the channel tcfchan#5.
10:39:23 INFO  : Connected to target on host '127.0.0.1' and port '3121'.
10:39:24 INFO  : Jtag cable 'Xilinx PYNQ-Z1 003017AEE2D2A' is selected.
10:39:24 INFO  : 'jtag frequency' command is executed.
10:39:24 INFO  : Sourcing of 'C:/Users/kenzm/FPGA/Lab_003/Lab_003.sdk/design_1_wrapper_hw_platform_0/ps7_init.tcl' is done.
10:39:24 INFO  : 'targets -set -filter {jtag_cable_name =~ "Xilinx PYNQ-Z1 003017AEE2D2A" && level==0} -index 1' command is executed.
10:39:26 INFO  : FPGA configured successfully with bitstream "C:/Users/kenzm/FPGA/Lab_003/Lab_003.sdk/design_1_wrapper_hw_platform_0/design_1_wrapper.bit"
10:39:26 INFO  : Context for 'APU' is selected.
10:39:29 INFO  : Hardware design information is loaded from 'C:/Users/kenzm/FPGA/Lab_003/Lab_003.sdk/design_1_wrapper_hw_platform_0/system.hdf'.
10:39:29 INFO  : 'configparams force-mem-access 1' command is executed.
10:39:29 INFO  : Context for 'APU' is selected.
10:39:29 INFO  : 'stop' command is executed.
10:39:30 INFO  : 'ps7_init' command is executed.
10:39:30 INFO  : 'ps7_post_config' command is executed.
10:39:30 INFO  : Context for processor 'ps7_cortexa9_0' is selected.
10:39:30 INFO  : Processor reset is completed for 'ps7_cortexa9_0'.
10:39:30 INFO  : Context for processor 'ps7_cortexa9_0' is selected.
10:39:31 INFO  : The application 'C:/Users/kenzm/FPGA/Lab_003/Lab_003.sdk/mult/Debug/mult.elf' is downloaded to processor 'ps7_cortexa9_0'.
10:39:31 INFO  : 'configparams force-mem-access 0' command is executed.
10:39:31 INFO  : ----------------XSDB Script----------------
connect -url tcp:127.0.0.1:3121
source C:/Users/kenzm/FPGA/Lab_003/Lab_003.sdk/design_1_wrapper_hw_platform_0/ps7_init.tcl
targets -set -filter {jtag_cable_name =~ "Xilinx PYNQ-Z1 003017AEE2D2A" && level==0} -index 1
fpga -file C:/Users/kenzm/FPGA/Lab_003/Lab_003.sdk/design_1_wrapper_hw_platform_0/design_1_wrapper.bit
targets -set -nocase -filter {name =~"APU*" && jtag_cable_name =~ "Xilinx PYNQ-Z1 003017AEE2D2A"} -index 0
loadhw -hw C:/Users/kenzm/FPGA/Lab_003/Lab_003.sdk/design_1_wrapper_hw_platform_0/system.hdf -mem-ranges [list {0x40000000 0xbfffffff}]
configparams force-mem-access 1
targets -set -nocase -filter {name =~"APU*" && jtag_cable_name =~ "Xilinx PYNQ-Z1 003017AEE2D2A"} -index 0
stop
ps7_init
ps7_post_config
targets -set -nocase -filter {name =~ "ARM*#0" && jtag_cable_name =~ "Xilinx PYNQ-Z1 003017AEE2D2A"} -index 0
rst -processor
targets -set -nocase -filter {name =~ "ARM*#0" && jtag_cable_name =~ "Xilinx PYNQ-Z1 003017AEE2D2A"} -index 0
dow C:/Users/kenzm/FPGA/Lab_003/Lab_003.sdk/mult/Debug/mult.elf
configparams force-mem-access 0
----------------End of Script----------------

10:39:31 INFO  : Memory regions updated for context APU
10:39:31 INFO  : Context for processor 'ps7_cortexa9_0' is selected.
10:39:31 INFO  : 'con' command is executed.
10:39:31 INFO  : ----------------XSDB Script (After Launch)----------------
targets -set -nocase -filter {name =~ "ARM*#0" && jtag_cable_name =~ "Xilinx PYNQ-Z1 003017AEE2D2A"} -index 0
con
----------------End of Script----------------

10:39:31 INFO  : Launch script is exported to file 'C:\Users\kenzm\FPGA\Lab_003\Lab_003.sdk\.sdk\launch_scripts\xilinx_c-c++_application_(system_debugger)\system_debugger_using_debug_mult.elf_on_local.tcl'
10:48:09 INFO  : Disconnected from the channel tcfchan#6.
10:48:11 INFO  : Connected to target on host '127.0.0.1' and port '3121'.
10:48:11 INFO  : Jtag cable 'Xilinx PYNQ-Z1 003017AEE2D2A' is selected.
10:48:11 INFO  : 'jtag frequency' command is executed.
10:48:11 INFO  : Sourcing of 'C:/Users/kenzm/FPGA/Lab_003/Lab_003.sdk/design_1_wrapper_hw_platform_0/ps7_init.tcl' is done.
10:48:11 INFO  : 'targets -set -filter {jtag_cable_name =~ "Xilinx PYNQ-Z1 003017AEE2D2A" && level==0} -index 1' command is executed.
10:48:13 INFO  : FPGA configured successfully with bitstream "C:/Users/kenzm/FPGA/Lab_003/Lab_003.sdk/design_1_wrapper_hw_platform_0/design_1_wrapper.bit"
10:48:13 INFO  : Context for 'APU' is selected.
10:48:15 INFO  : Hardware design information is loaded from 'C:/Users/kenzm/FPGA/Lab_003/Lab_003.sdk/design_1_wrapper_hw_platform_0/system.hdf'.
10:48:15 INFO  : 'configparams force-mem-access 1' command is executed.
10:48:15 INFO  : Context for 'APU' is selected.
10:48:15 INFO  : 'stop' command is executed.
10:48:16 INFO  : 'ps7_init' command is executed.
10:48:16 INFO  : 'ps7_post_config' command is executed.
10:48:16 INFO  : Context for processor 'ps7_cortexa9_0' is selected.
10:48:16 INFO  : Processor reset is completed for 'ps7_cortexa9_0'.
10:48:16 INFO  : Context for processor 'ps7_cortexa9_0' is selected.
10:48:16 INFO  : The application 'C:/Users/kenzm/FPGA/Lab_003/Lab_003.sdk/mult/Debug/mult.elf' is downloaded to processor 'ps7_cortexa9_0'.
10:48:16 INFO  : 'configparams force-mem-access 0' command is executed.
10:48:16 INFO  : ----------------XSDB Script----------------
connect -url tcp:127.0.0.1:3121
source C:/Users/kenzm/FPGA/Lab_003/Lab_003.sdk/design_1_wrapper_hw_platform_0/ps7_init.tcl
targets -set -filter {jtag_cable_name =~ "Xilinx PYNQ-Z1 003017AEE2D2A" && level==0} -index 1
fpga -file C:/Users/kenzm/FPGA/Lab_003/Lab_003.sdk/design_1_wrapper_hw_platform_0/design_1_wrapper.bit
targets -set -nocase -filter {name =~"APU*" && jtag_cable_name =~ "Xilinx PYNQ-Z1 003017AEE2D2A"} -index 0
loadhw -hw C:/Users/kenzm/FPGA/Lab_003/Lab_003.sdk/design_1_wrapper_hw_platform_0/system.hdf -mem-ranges [list {0x40000000 0xbfffffff}]
configparams force-mem-access 1
targets -set -nocase -filter {name =~"APU*" && jtag_cable_name =~ "Xilinx PYNQ-Z1 003017AEE2D2A"} -index 0
stop
ps7_init
ps7_post_config
targets -set -nocase -filter {name =~ "ARM*#0" && jtag_cable_name =~ "Xilinx PYNQ-Z1 003017AEE2D2A"} -index 0
rst -processor
targets -set -nocase -filter {name =~ "ARM*#0" && jtag_cable_name =~ "Xilinx PYNQ-Z1 003017AEE2D2A"} -index 0
dow C:/Users/kenzm/FPGA/Lab_003/Lab_003.sdk/mult/Debug/mult.elf
configparams force-mem-access 0
----------------End of Script----------------

10:48:16 INFO  : Memory regions updated for context APU
10:48:16 INFO  : Context for processor 'ps7_cortexa9_0' is selected.
10:48:16 INFO  : 'con' command is executed.
10:48:16 INFO  : ----------------XSDB Script (After Launch)----------------
targets -set -nocase -filter {name =~ "ARM*#0" && jtag_cable_name =~ "Xilinx PYNQ-Z1 003017AEE2D2A"} -index 0
con
----------------End of Script----------------

10:48:16 INFO  : Launch script is exported to file 'C:\Users\kenzm\FPGA\Lab_003\Lab_003.sdk\.sdk\launch_scripts\xilinx_c-c++_application_(system_debugger)\system_debugger_using_debug_mult.elf_on_local.tcl'
11:11:17 INFO  : Connected to target on host '127.0.0.1' and port '3121'.
11:11:17 INFO  : Jtag cable 'Xilinx PYNQ-Z1 003017AEE2D2A' is selected.
11:11:17 INFO  : 'jtag frequency' command is executed.
11:11:17 INFO  : Sourcing of 'C:/Users/kenzm/FPGA/Lab_003/Lab_003.sdk/design_1_wrapper_hw_platform_0/ps7_init.tcl' is done.
11:11:18 INFO  : 'targets -set -filter {jtag_cable_name =~ "Xilinx PYNQ-Z1 003017AEE2D2A" && level==0} -index 1' command is executed.
11:11:20 INFO  : FPGA configured successfully with bitstream "C:/Users/kenzm/FPGA/Lab_003/Lab_003.sdk/design_1_wrapper_hw_platform_0/design_1_wrapper.bit"
11:11:20 INFO  : Context for 'APU' is selected.
11:11:20 INFO  : Hardware design information is loaded from 'C:/Users/kenzm/FPGA/Lab_003/Lab_003.sdk/design_1_wrapper_hw_platform_0/system.hdf'.
11:11:20 INFO  : 'configparams force-mem-access 1' command is executed.
11:11:20 INFO  : Context for 'APU' is selected.
11:11:20 INFO  : 'stop' command is executed.
11:11:21 INFO  : 'ps7_init' command is executed.
11:11:21 INFO  : 'ps7_post_config' command is executed.
11:11:21 INFO  : Context for processor 'ps7_cortexa9_0' is selected.
11:11:21 INFO  : Processor reset is completed for 'ps7_cortexa9_0'.
11:11:21 INFO  : Context for processor 'ps7_cortexa9_0' is selected.
11:11:21 INFO  : The application 'C:/Users/kenzm/FPGA/Lab_003/Lab_003.sdk/mult/Debug/mult.elf' is downloaded to processor 'ps7_cortexa9_0'.
11:11:21 INFO  : 'configparams force-mem-access 0' command is executed.
11:11:21 INFO  : ----------------XSDB Script----------------
connect -url tcp:127.0.0.1:3121
source C:/Users/kenzm/FPGA/Lab_003/Lab_003.sdk/design_1_wrapper_hw_platform_0/ps7_init.tcl
targets -set -filter {jtag_cable_name =~ "Xilinx PYNQ-Z1 003017AEE2D2A" && level==0} -index 1
fpga -file C:/Users/kenzm/FPGA/Lab_003/Lab_003.sdk/design_1_wrapper_hw_platform_0/design_1_wrapper.bit
targets -set -nocase -filter {name =~"APU*" && jtag_cable_name =~ "Xilinx PYNQ-Z1 003017AEE2D2A"} -index 0
loadhw -hw C:/Users/kenzm/FPGA/Lab_003/Lab_003.sdk/design_1_wrapper_hw_platform_0/system.hdf -mem-ranges [list {0x40000000 0xbfffffff}]
configparams force-mem-access 1
targets -set -nocase -filter {name =~"APU*" && jtag_cable_name =~ "Xilinx PYNQ-Z1 003017AEE2D2A"} -index 0
stop
ps7_init
ps7_post_config
targets -set -nocase -filter {name =~ "ARM*#0" && jtag_cable_name =~ "Xilinx PYNQ-Z1 003017AEE2D2A"} -index 0
rst -processor
targets -set -nocase -filter {name =~ "ARM*#0" && jtag_cable_name =~ "Xilinx PYNQ-Z1 003017AEE2D2A"} -index 0
dow C:/Users/kenzm/FPGA/Lab_003/Lab_003.sdk/mult/Debug/mult.elf
configparams force-mem-access 0
----------------End of Script----------------

11:11:21 INFO  : Memory regions updated for context APU
11:11:21 INFO  : Context for processor 'ps7_cortexa9_0' is selected.
11:11:21 INFO  : 'con' command is executed.
11:11:21 INFO  : ----------------XSDB Script (After Launch)----------------
targets -set -nocase -filter {name =~ "ARM*#0" && jtag_cable_name =~ "Xilinx PYNQ-Z1 003017AEE2D2A"} -index 0
con
----------------End of Script----------------

11:11:21 INFO  : Launch script is exported to file 'C:\Users\kenzm\FPGA\Lab_003\Lab_003.sdk\.sdk\launch_scripts\xilinx_c-c++_application_(system_debugger)\system_debugger_using_debug_mult.elf_on_local.tcl'
11:12:15 INFO  : Disconnected from the channel tcfchan#7.
11:12:16 INFO  : Connected to target on host '127.0.0.1' and port '3121'.
11:12:17 INFO  : Jtag cable 'Xilinx PYNQ-Z1 003017AEE2D2A' is selected.
11:12:17 INFO  : 'jtag frequency' command is executed.
11:12:17 INFO  : Sourcing of 'C:/Users/kenzm/FPGA/Lab_003/Lab_003.sdk/design_1_wrapper_hw_platform_0/ps7_init.tcl' is done.
11:12:17 INFO  : 'targets -set -filter {jtag_cable_name =~ "Xilinx PYNQ-Z1 003017AEE2D2A" && level==0} -index 1' command is executed.
11:12:19 INFO  : FPGA configured successfully with bitstream "C:/Users/kenzm/FPGA/Lab_003/Lab_003.sdk/design_1_wrapper_hw_platform_0/design_1_wrapper.bit"
11:12:19 INFO  : Context for 'APU' is selected.
11:12:21 INFO  : Hardware design information is loaded from 'C:/Users/kenzm/FPGA/Lab_003/Lab_003.sdk/design_1_wrapper_hw_platform_0/system.hdf'.
11:12:21 INFO  : 'configparams force-mem-access 1' command is executed.
11:12:21 INFO  : Context for 'APU' is selected.
11:12:21 INFO  : 'stop' command is executed.
11:12:22 INFO  : 'ps7_init' command is executed.
11:12:22 INFO  : 'ps7_post_config' command is executed.
11:12:22 INFO  : Context for processor 'ps7_cortexa9_0' is selected.
11:12:22 INFO  : Processor reset is completed for 'ps7_cortexa9_0'.
11:12:22 INFO  : Context for processor 'ps7_cortexa9_0' is selected.
11:12:22 INFO  : The application 'C:/Users/kenzm/FPGA/Lab_003/Lab_003.sdk/mult/Debug/mult.elf' is downloaded to processor 'ps7_cortexa9_0'.
11:12:22 INFO  : 'configparams force-mem-access 0' command is executed.
11:12:22 INFO  : ----------------XSDB Script----------------
connect -url tcp:127.0.0.1:3121
source C:/Users/kenzm/FPGA/Lab_003/Lab_003.sdk/design_1_wrapper_hw_platform_0/ps7_init.tcl
targets -set -filter {jtag_cable_name =~ "Xilinx PYNQ-Z1 003017AEE2D2A" && level==0} -index 1
fpga -file C:/Users/kenzm/FPGA/Lab_003/Lab_003.sdk/design_1_wrapper_hw_platform_0/design_1_wrapper.bit
targets -set -nocase -filter {name =~"APU*" && jtag_cable_name =~ "Xilinx PYNQ-Z1 003017AEE2D2A"} -index 0
loadhw -hw C:/Users/kenzm/FPGA/Lab_003/Lab_003.sdk/design_1_wrapper_hw_platform_0/system.hdf -mem-ranges [list {0x40000000 0xbfffffff}]
configparams force-mem-access 1
targets -set -nocase -filter {name =~"APU*" && jtag_cable_name =~ "Xilinx PYNQ-Z1 003017AEE2D2A"} -index 0
stop
ps7_init
ps7_post_config
targets -set -nocase -filter {name =~ "ARM*#0" && jtag_cable_name =~ "Xilinx PYNQ-Z1 003017AEE2D2A"} -index 0
rst -processor
targets -set -nocase -filter {name =~ "ARM*#0" && jtag_cable_name =~ "Xilinx PYNQ-Z1 003017AEE2D2A"} -index 0
dow C:/Users/kenzm/FPGA/Lab_003/Lab_003.sdk/mult/Debug/mult.elf
configparams force-mem-access 0
----------------End of Script----------------

11:12:22 INFO  : Memory regions updated for context APU
11:12:22 INFO  : Context for processor 'ps7_cortexa9_0' is selected.
11:12:22 INFO  : 'con' command is executed.
11:12:22 INFO  : ----------------XSDB Script (After Launch)----------------
targets -set -nocase -filter {name =~ "ARM*#0" && jtag_cable_name =~ "Xilinx PYNQ-Z1 003017AEE2D2A"} -index 0
con
----------------End of Script----------------

11:12:22 INFO  : Launch script is exported to file 'C:\Users\kenzm\FPGA\Lab_003\Lab_003.sdk\.sdk\launch_scripts\xilinx_c-c++_application_(system_debugger)\system_debugger_using_debug_mult.elf_on_local.tcl'
11:49:54 WARN  : channel "tcfchan#7" closed
11:49:54 INFO  : Disconnected from the channel tcfchan#8.
