Vivado Simulator 2018.3
Copyright 1986-1999, 2001-2018 Xilinx, Inc. All Rights Reserved.
Running: C:/Xilinx/Vivado/2018.3/bin/unwrapped/win64.o/xelab.exe -wto 561aadc91dfe4be6853117439e9a08ed --incr --debug typical --relax --mt 2 -L xil_defaultlib -L xilinx_vip -L secureip -L xpm --snapshot TopLevel_behav xil_defaultlib.TopLevel -log elaborate.log 
Using 2 slave threads.
Starting static elaboration
Completed static elaboration
Starting simulation data flow analysis
Completed simulation data flow analysis
Time Resolution for simulation is 1ps
Compiling package std.standard
Compiling package std.textio
Compiling package ieee.std_logic_1164
Compiling package ieee.numeric_std
Compiling package ieee.std_logic_arith
Compiling package ieee.std_logic_unsigned
Compiling architecture behavioral of entity xil_defaultlib.flipflop_64 [flipflop_64_default]
Compiling architecture behavioral of entity xil_defaultlib.ShiftReg_64 [shiftreg_64_default]
Compiling architecture behavioral of entity xil_defaultlib.ShiftReg_32 [shiftreg_32_default]
Compiling architecture rtl of entity xil_defaultlib.fulladder [fulladder_default]
Compiling architecture behavioral of entity xil_defaultlib.counter [counter_default]
Compiling architecture behavioral of entity xil_defaultlib.ControlUnit [controlunit_default]
Compiling architecture behavioral of entity xil_defaultlib.splitter [splitter_default]
Compiling architecture behavioral of entity xil_defaultlib.toplevel
Built simulation snapshot TopLevel_behav
